<?xml version="1.0" encoding="UTF-8"?>
<!-- Generated by org.testng.reporters.JUnitReportReporter -->
<testsuite hostname="RAFIQ-PARALLEL" failures="0" tests="2" name="com.usa.runner.MyRunner" time="17.715" errors="0" timestamp="21 May 2023 01:18:56 GMT" skipped="0">
  <testcase classname="com.usa.runner.MyRunner" name="runScenario" time="7.400"/>
  <testcase classname="com.usa.runner.MyRunner" name="runScenario" time="10.315"/>
</testsuite> <!-- com.usa.runner.MyRunner -->
