<?xml version="1.0" encoding="UTF-8"?>
<!-- Generated by org.testng.reporters.JUnitReportReporter -->
<testsuite hostname="RAFIQ-PARALLEL" failures="0" tests="2" name="com.usa.runner.MyRunner" time="17.180" errors="0" timestamp="21 May 2023 01:20:25 GMT" skipped="0">
  <testcase classname="com.usa.runner.MyRunner" name="runScenario" time="7.411"/>
  <testcase classname="com.usa.runner.MyRunner" name="runScenario" time="9.769"/>
</testsuite> <!-- com.usa.runner.MyRunner -->
